Base path: /Applications/Unity/Unity.app/Contents
Pipe name: \\.\pipe\UnityShaderCompiler-1--1597886040
Cmd: getPlatforms
Cmd: preprocess
  insize=1222 outsize=661 ok=1
Cmd: compileSnippet
  api=0 type=0 insize=867 outsize=635 kw= ok=1
Cmd: compileSnippet
  api=0 type=1 insize=867 outsize=84 kw= ok=1
Cmd: preprocess
  insize=818 outsize=818 ok=1
Cmd: preprocess
  insize=2153 outsize=807 ok=1
Cmd: compileSnippet
  api=0 type=0 insize=1648 outsize=397 kw= ok=1
Cmd: compileSnippet
  api=0 type=1 insize=1648 outsize=234 kw= ok=1
Cmd: preprocess
  insize=472 outsize=472 ok=1
Cmd: preprocess
  insize=2401 outsize=763 ok=1
Cmd: compileSnippet
  api=0 type=0 insize=1250 outsize=584 kw= ok=1
Cmd: compileSnippet
  api=0 type=1 insize=1250 outsize=84 kw= ok=1
Cmd: compileSnippet
  api=0 type=0 insize=994 outsize=328 kw= ok=1
Cmd: compileSnippet
  api=0 type=1 insize=994 outsize=174 kw= ok=1
Cmd: preprocess
  insize=835 outsize=835 ok=1
Cmd: preprocess
  insize=730 outsize=730 ok=1
Cmd: preprocess
  insize=608 outsize=608 ok=1
Cmd: preprocess
  insize=2965 outsize=1659 ok=1
Cmd: preprocess
  insize=1937 outsize=1238 ok=1
Cmd: compileSnippet
  api=0 type=0 insize=6439 outsize=1821 kw=DIRECTIONAL SHADOWS_OFF LIGHTMAP_OFF DIRLIGHTMAP_OFF ok=1
Cmd: compileSnippet
  api=0 type=1 insize=6439 outsize=1226 kw=DIRECTIONAL SHADOWS_OFF LIGHTMAP_OFF DIRLIGHTMAP_OFF ok=1
Cmd: compileSnippet
  api=0 type=0 insize=3532 outsize=1318 kw=POINT ok=1
Cmd: compileSnippet
  api=0 type=1 insize=3532 outsize=1184 kw=POINT ok=1
Cmd: preprocess
  insize=1355 outsize=1355 ok=1
Cmd: preprocess
  insize=316 outsize=316 ok=1
Cmd: preprocess
  error: 1 plat 12 at (1389): Compiling shaders to OpenGL ES 2.0, Xbox 360, PS3, Flash or DX11 requires both vertex and fragment programs
  insize=2109 outsize=2946 ok=1
Cmd: compileSnippet
  api=0 type=0 insize=2852 outsize=817 kw=POINT ok=1
Cmd: compileSnippet
  api=0 type=1 insize=2852 outsize=561 kw=POINT ok=1
Cmd: compileSnippet
  api=0 type=0 insize=2380 outsize=457 kw= ok=1
Cmd: compileSnippet
  api=0 type=1 insize=2380 outsize=159 kw= ok=1
Cmd: compileSnippet
  api=0 type=0 insize=4593 outsize=905 kw=LIGHTMAP_OFF DIRLIGHTMAP_OFF HDR_LIGHT_PREPASS_OFF ok=1
Cmd: compileSnippet
  api=0 type=1 insize=4593 outsize=350 kw=LIGHTMAP_OFF DIRLIGHTMAP_OFF HDR_LIGHT_PREPASS_OFF ok=1
Cmd: compileSnippet
  api=0 type=0 insize=4877 outsize=919 kw=DIRECTIONAL SHADOWS_OFF LIGHTMAP_OFF DIRLIGHTMAP_OFF ok=1
Cmd: compileSnippet
  api=0 type=1 insize=4877 outsize=378 kw=DIRECTIONAL SHADOWS_OFF LIGHTMAP_OFF DIRLIGHTMAP_OFF ok=1
Cmd: compileSnippet
  api=0 type=0 insize=2852 outsize=817 kw=POINT ok=1
Cmd: compileSnippet
  api=0 type=1 insize=2852 outsize=561 kw=POINT ok=1
Cmd: compileSnippet
  api=0 type=0 insize=2381 outsize=457 kw= ok=1
Cmd: compileSnippet
  api=0 type=1 insize=2381 outsize=159 kw= ok=1
Cmd: compileSnippet
  api=0 type=0 insize=4594 outsize=905 kw=LIGHTMAP_OFF DIRLIGHTMAP_OFF HDR_LIGHT_PREPASS_OFF ok=1
Cmd: compileSnippet
  api=0 type=1 insize=4594 outsize=350 kw=LIGHTMAP_OFF DIRLIGHTMAP_OFF HDR_LIGHT_PREPASS_OFF ok=1
Cmd: compileSnippet
  api=0 type=0 insize=911 outsize=635 kw= ok=1
Cmd: preprocess
  insize=1500 outsize=667 ok=1
Cmd: compileSnippet
  api=0 type=0 insize=1135 outsize=547 kw= ok=1
Cmd: compileSnippet
  api=0 type=1 insize=1135 outsize=333 kw= ok=1
Cmd: preprocess
  insize=634 outsize=634 ok=1
Cmd: preprocess
  insize=963 outsize=963 ok=1
